GROUP,PACKAGE,CLASS,INSTRUCTION_MISSED,INSTRUCTION_COVERED,BRANCH_MISSED,BRANCH_COVERED,LINE_MISSED,LINE_COVERED,COMPLEXITY_MISSED,COMPLEXITY_COVERED,METHOD_MISSED,METHOD_COVERED
Szakdolgozat,com.szakdologzat.repiceapp.service.dto,RecipeDTO,19,163,0,6,7,64,6,34,6,31
Szakdolgozat,com.szakdologzat.repiceapp.service.dto,RatingDTO,4,123,0,6,2,45,1,23,1,20
Szakdolgozat,com.szakdologzat.repiceapp.service.dto,InstructionDTO,4,88,0,6,2,31,1,18,1,15
Szakdolgozat,com.szakdologzat.repiceapp.service.dto,ProfileDTO,47,0,0,0,20,0,12,0,12,0
Szakdolgozat,com.szakdologzat.repiceapp.service.dto,AdminUserDTO,83,107,0,0,27,31,14,15,14,15
Szakdolgozat,com.szakdologzat.repiceapp.service.dto,RecipeBookDTO,14,111,0,6,6,41,4,23,4,20
Szakdolgozat,com.szakdologzat.repiceapp.service.dto,FavoriteRelationDTO,8,60,0,6,4,18,2,11,2,8
Szakdolgozat,com.szakdologzat.repiceapp.service.dto,RecipeBookRelationDTO,0,68,0,6,0,22,0,13,0,10
Szakdolgozat,com.szakdologzat.repiceapp.service.dto,UserDTO,92,18,14,0,23,8,19,3,12,3
Szakdolgozat,com.szakdologzat.repiceapp.service.dto,IngredientDTO,0,86,0,6,0,30,0,17,0,14
Szakdolgozat,com.szakdologzat.repiceapp.service.dto,PasswordChangeDTO,26,0,0,0,12,0,6,0,6,0
Szakdolgozat,com.szakdologzat.repiceapp.service.mapper,RatingMapperImpl,630,99,99,5,165,28,63,6,11,6
Szakdolgozat,com.szakdologzat.repiceapp.service.mapper,RecipeBookMapperImpl,358,96,50,4,99,27,34,5,7,5
Szakdolgozat,com.szakdologzat.repiceapp.service.mapper,InstructionMapperImpl,613,123,99,7,166,28,65,6,12,6
Szakdolgozat,com.szakdologzat.repiceapp.service.mapper,RecipeBookRelationMapperImpl,744,49,112,4,197,15,73,5,15,5
Szakdolgozat,com.szakdologzat.repiceapp.service.mapper,RecipeBookMapper,0,3,0,0,0,1,0,1,0,1
Szakdolgozat,com.szakdologzat.repiceapp.service.mapper,RecipeMapperImpl,505,206,74,8,137,45,50,7,9,7
Szakdolgozat,com.szakdologzat.repiceapp.service.mapper,IngredientMapperImpl,667,72,110,4,177,21,69,5,12,5
Szakdolgozat,com.szakdologzat.repiceapp.service.mapper,FavoriteRelationMapperImpl,631,49,92,4,165,15,61,5,13,5
Szakdolgozat,com.szakdologzat.repiceapp.service.mapper,RecipeMapper,160,40,12,6,41,15,13,5,4,5
Szakdolgozat,com.szakdologzat.repiceapp.service.mapper,UserMapper,95,135,12,6,26,38,11,12,5,9
Szakdolgozat,com.szakdologzat.repiceapp.service,InvalidPasswordException,4,0,0,0,2,0,1,0,1,0
Szakdolgozat,com.szakdologzat.repiceapp.service,IngredientService,144,0,0,0,29,0,10,0,10,0
Szakdolgozat,com.szakdologzat.repiceapp.service,UsernameAlreadyUsedException,4,0,0,0,2,0,1,0,1,0
Szakdolgozat,com.szakdologzat.repiceapp.service,UserService,508,4,22,0,143,1,31,1,20,1
Szakdolgozat,com.szakdologzat.repiceapp.service,RecipeBookRelationService,36,251,1,3,8,60,5,13,4,12
Szakdolgozat,com.szakdologzat.repiceapp.service,RecipeService,205,258,28,2,42,54,25,15,10,15
Szakdolgozat,com.szakdologzat.repiceapp.service,RecipeBookService,21,222,2,2,2,49,5,13,3,13
Szakdolgozat,com.szakdologzat.repiceapp.service,ImageService,9,73,1,3,4,15,2,4,1,3
Szakdolgozat,com.szakdologzat.repiceapp.service,FavoriteRelationService,136,4,0,0,32,1,9,1,9,1
Szakdolgozat,com.szakdologzat.repiceapp.service,RatingService,134,0,0,0,28,0,9,0,9,0
Szakdolgozat,com.szakdologzat.repiceapp.service,InstructionService,134,0,0,0,28,0,9,0,9,0
Szakdolgozat,com.szakdologzat.repiceapp.service,EmailAlreadyUsedException,4,0,0,0,2,0,1,0,1,0
Szakdolgozat,com.szakdologzat.repiceapp.domain.enumeration,FoodType,45,0,0,0,8,0,1,0,1,0
Szakdolgozat,com.szakdologzat.repiceapp.domain.enumeration,FoodCategory,0,123,0,0,0,21,0,1,0,1
Szakdolgozat,com.szakdologzat.repiceapp.domain.enumeration,Unit,21,0,0,0,4,0,1,0,1,0
Szakdolgozat,com.szakdologzat.repiceapp.web,ImageControllerMvc,41,0,0,0,9,0,2,0,2,0
Szakdolgozat,com.szakdologzat.repiceapp.aop.logging,LoggingAspect,117,0,10,0,25,0,11,0,6,0
Szakdolgozat,com.szakdologzat.repiceapp.config,LiquibaseConfiguration,109,0,4,0,28,0,5,0,3,0
Szakdolgozat,com.szakdologzat.repiceapp.config,DateTimeFormatConfiguration,14,0,0,0,5,0,2,0,2,0
Szakdolgozat,com.szakdologzat.repiceapp.config,SecurityConfiguration.SpaCsrfTokenRequestHandler,32,0,2,0,7,0,4,0,3,0
Szakdolgozat,com.szakdologzat.repiceapp.config,LoggingConfiguration,53,0,8,0,15,0,5,0,1,0
Szakdolgozat,com.szakdologzat.repiceapp.config,JacksonConfiguration,18,0,0,0,4,0,4,0,4,0
Szakdolgozat,com.szakdologzat.repiceapp.config,LoggingAspectConfiguration,8,0,0,0,2,0,2,0,2,0
Szakdolgozat,com.szakdologzat.repiceapp.config,DatabaseConfiguration,49,0,4,0,14,0,6,0,4,0
Szakdolgozat,com.szakdologzat.repiceapp.config,SecurityConfiguration,509,0,2,0,62,0,18,0,17,0
Szakdolgozat,com.szakdologzat.repiceapp.config,CRLFLogConverter,0,142,0,14,0,24,0,12,0,5
Szakdolgozat,com.szakdologzat.repiceapp.config,ApplicationProperties.Liquibase,10,0,0,0,4,0,3,0,3,0
Szakdolgozat,com.szakdologzat.repiceapp.config,StaticResourcesWebConfiguration,0,86,0,0,0,13,0,7,0,7
Szakdolgozat,com.szakdologzat.repiceapp.config,ApplicationProperties,11,0,0,0,3,0,2,0,2,0
Szakdolgozat,com.szakdologzat.repiceapp.config,CacheConfiguration,175,0,2,0,41,0,10,0,9,0
Szakdolgozat,com.szakdologzat.repiceapp.config,AsyncConfiguration,49,0,0,0,12,0,4,0,4,0
Szakdolgozat,com.szakdologzat.repiceapp.config,WebConfigurer,41,111,9,7,10,28,9,7,2,6
Szakdolgozat,com.szakdologzat.repiceapp.web.rest.errors,BadRequestAlertException,44,0,0,0,16,0,5,0,5,0
Szakdolgozat,com.szakdologzat.repiceapp.web.rest.errors,FieldErrorVM,21,0,0,0,8,0,4,0,4,0
Szakdolgozat,com.szakdologzat.repiceapp.web.rest.errors,EmailAlreadyUsedException,7,0,0,0,2,0,1,0,1,0
Szakdolgozat,com.szakdologzat.repiceapp.web.rest.errors,ErrorConstants,16,0,0,0,5,0,1,0,1,0
Szakdolgozat,com.szakdologzat.repiceapp.web.rest.errors,LoginAlreadyUsedException,7,0,0,0,2,0,1,0,1,0
Szakdolgozat,com.szakdologzat.repiceapp.web.rest.errors,ExceptionTranslator,506,0,88,0,89,0,68,0,24,0
Szakdolgozat,com.szakdologzat.repiceapp.web.rest.errors,InvalidPasswordException,14,0,0,0,7,0,1,0,1,0
Szakdolgozat,com.szakdologzat.repiceapp.web.filter,SpaWebFilter,46,0,12,0,13,0,8,0,2,0
Szakdolgozat,com.szakdologzat.repiceapp,ApplicationWebXml,15,0,0,0,3,0,2,0,2,0
Szakdolgozat,com.szakdologzat.repiceapp,SzakdolgozatApp,149,0,10,0,33,0,11,0,6,0
Szakdolgozat,com.szakdologzat.repiceapp.domain,Ingredient,5,97,0,8,2,35,1,22,1,18
Szakdolgozat,com.szakdologzat.repiceapp.domain,Ingredient_,3,0,0,0,1,0,1,0,1,0
Szakdolgozat,com.szakdologzat.repiceapp.domain,Recipe,44,409,8,16,10,124,12,61,4,57
Szakdolgozat,com.szakdologzat.repiceapp.domain,RecipeBook_,3,0,0,0,1,0,1,0,1,0
Szakdolgozat,com.szakdologzat.repiceapp.domain,Authority,19,47,2,8,6,14,5,11,4,7
Szakdolgozat,com.szakdologzat.repiceapp.domain,RecipeBookRelation_,3,0,0,0,1,0,1,0,1,0
Szakdolgozat,com.szakdologzat.repiceapp.domain,AbstractAuditingEntity_,3,0,0,0,1,0,1,0,1,0
Szakdolgozat,com.szakdologzat.repiceapp.domain,FavoriteRelation_,3,0,0,0,1,0,1,0,1,0
Szakdolgozat,com.szakdologzat.repiceapp.domain,Authority_,3,0,0,0,1,0,1,0,1,0
Szakdolgozat,com.szakdologzat.repiceapp.domain,Recipe_,3,0,0,0,1,0,1,0,1,0
Szakdolgozat,com.szakdologzat.repiceapp.domain,RecipeBook,5,190,2,10,2,66,3,37,1,33
Szakdolgozat,com.szakdologzat.repiceapp.domain,Instruction_,3,0,0,0,1,0,1,0,1,0
Szakdolgozat,com.szakdologzat.repiceapp.domain,User_,3,0,0,0,1,0,1,0,1,0
Szakdolgozat,com.szakdologzat.repiceapp.domain,Instruction,0,159,2,10,0,53,2,30,0,26
Szakdolgozat,com.szakdologzat.repiceapp.domain,AbstractAuditingEntity,0,37,0,0,0,17,0,9,0,9
Szakdolgozat,com.szakdologzat.repiceapp.domain,RecipeBookRelation,0,71,0,8,0,24,0,17,0,13
Szakdolgozat,com.szakdologzat.repiceapp.domain,User,47,80,8,0,8,32,8,20,4,20
Szakdolgozat,com.szakdologzat.repiceapp.domain,Rating_,3,0,0,0,1,0,1,0,1,0
Szakdolgozat,com.szakdologzat.repiceapp.domain,FavoriteRelation,3,68,0,8,1,23,1,16,1,12
Szakdolgozat,com.szakdologzat.repiceapp.domain,Rating,5,150,0,8,2,57,1,32,1,28
Szakdolgozat,com.szakdologzat.repiceapp.web.rest,IngredientResource,210,0,14,0,45,0,16,0,9,0
Szakdolgozat,com.szakdologzat.repiceapp.web.rest,UserResource,251,0,16,0,40,0,16,0,8,0
Szakdolgozat,com.szakdologzat.repiceapp.web.rest,AccountResource,141,0,18,0,38,0,19,0,10,0
Szakdolgozat,com.szakdologzat.repiceapp.web.rest,ImageResource,57,0,2,0,16,0,4,0,3,0
Szakdolgozat,com.szakdologzat.repiceapp.web.rest,PublicUserResource,218,0,6,0,41,0,9,0,6,0
Szakdolgozat,com.szakdologzat.repiceapp.web.rest,RecipeBookRelationResource,217,0,14,0,46,0,17,0,10,0
Szakdolgozat,com.szakdologzat.repiceapp.web.rest,RecipeBookResource,237,0,14,0,49,0,20,0,13,0
Szakdolgozat,com.szakdologzat.repiceapp.web.rest,FavoriteRelationResource,238,0,12,0,51,0,17,0,11,0
Szakdolgozat,com.szakdologzat.repiceapp.web.rest,RatingResource,284,0,18,0,58,0,18,0,9,0
Szakdolgozat,com.szakdologzat.repiceapp.web.rest,AccountResource.AccountResourceException,4,0,0,0,2,0,1,0,1,0
Szakdolgozat,com.szakdologzat.repiceapp.web.rest,AuthorityResource,89,0,2,0,19,0,7,0,6,0
Szakdolgozat,com.szakdologzat.repiceapp.web.rest,InstructionResource,203,0,14,0,43,0,15,0,8,0
Szakdolgozat,com.szakdologzat.repiceapp.web.rest,RecipeResource,286,0,14,0,62,0,21,0,14,0
Szakdolgozat,com.szakdologzat.repiceapp.web.rest.vm,KeyAndPasswordVM,17,0,0,0,7,0,5,0,5,0
Szakdolgozat,com.szakdologzat.repiceapp.web.rest.vm,ManagedUserVM,14,0,0,0,6,0,4,0,4,0
Szakdolgozat,com.szakdologzat.repiceapp.security,SpringSecurityAuditorAware,9,0,0,0,2,0,2,0,2,0
Szakdolgozat,com.szakdologzat.repiceapp.security,UserNotActivatedException,9,0,0,0,4,0,2,0,2,0
Szakdolgozat,com.szakdologzat.repiceapp.security,DomainUserDetailsService,100,0,4,0,24,0,10,0,8,0
Szakdolgozat,com.szakdologzat.repiceapp.security,SecurityUtils,10,82,5,11,3,14,5,11,0,8
